<?xml version="1.0" encoding="UTF-8" ?>
<testsuite tests="11" failures="0" name="testrunners.GoogleMapsTest" time="0.006" errors="0" skipped="0">
  <properties>
    <property name="java.runtime.name" value="Java(TM) SE Runtime Environment"/>
    <property name="sun.boot.library.path" value="C:\Program Files\Java\jdk1.8.0_301\jre\bin"/>
    <property name="java.vm.version" value="25.301-b09"/>
    <property name="java.vm.vendor" value="Oracle Corporation"/>
    <property name="maven.multiModuleProjectDirectory" value="C:\Users\pmohanta\eclipse-workspace\BDDProject"/>
    <property name="java.vendor.url" value="http://java.oracle.com/"/>
    <property name="path.separator" value=";"/>
    <property name="guice.disable.misplaced.annotation.check" value="true"/>
    <property name="java.vm.name" value="Java HotSpot(TM) 64-Bit Server VM"/>
    <property name="file.encoding.pkg" value="sun.io"/>
    <property name="user.script" value=""/>
    <property name="user.country" value="IN"/>
    <property name="sun.java.launcher" value="SUN_STANDARD"/>
    <property name="sun.os.patch.level" value=""/>
    <property name="java.vm.specification.name" value="Java Virtual Machine Specification"/>
    <property name="user.dir" value="C:\Users\pmohanta\eclipse-workspace\BDDProject"/>
    <property name="java.runtime.version" value="1.8.0_301-b09"/>
    <property name="java.awt.graphicsenv" value="sun.awt.Win32GraphicsEnvironment"/>
    <property name="java.endorsed.dirs" value="C:\Program Files\Java\jdk1.8.0_301\jre\lib\endorsed"/>
    <property name="os.arch" value="amd64"/>
    <property name="java.io.tmpdir" value="C:\Users\pmohanta\AppData\Local\Temp\"/>
    <property name="line.separator" value="
"/>
    <property name="java.vm.specification.vendor" value="Oracle Corporation"/>
    <property name="user.variant" value=""/>
    <property name="os.name" value="Windows 10"/>
    <property name="classworlds.conf" value="C:\Users\pmohanta\eclipse-workspace\.metadata\.plugins\org.eclipse.m2e.launching\launches\m2conf1360048182750864221.tmp"/>
    <property name="sun.jnu.encoding" value="Cp1252"/>
    <property name="java.library.path" value="C:\Program Files\Java\jdk1.8.0_301\jre\bin;C:\Windows\Sun\Java\bin;C:\Windows\system32;C:\Windows;C:/Program Files/Java/jre1.8.0_301/bin/server;C:/Program Files/Java/jre1.8.0_301/bin;C:/Program Files/Java/jre1.8.0_301/lib/amd64;C:\Program Files\Common Files\Oracle\Java\javapath;C:\Program Files (x86)\Common Files\Oracle\Java\javapath;C:\Windows\system32;C:\Windows;C:\Windows\System32\Wbem;C:\Windows\System32\WindowsPowerShell\v1.0\;C:\Windows\System32\OpenSSH\;C:\Program Files (x86)\Sennheiser\SenncomSDK\;C:\Program Files\nodejs\;C:\Users\pmohanta\AppData\Roaming\npm;C:\Program Files\Java\jdk1.8.0_301\bin;C:\apache-maven-3.8.1-bin\apache-maven-3.8.1\bin;C:\Program Files\Google\Chrome\Application;C:\Users\pmohanta\AppData\Local\Programs\Python\Python39\Scripts\;C:\Users\pmohanta\AppData\Local\Programs\Python\Python39\;C:\Users\pmohanta\AppData\Local\Programs\Python\Launcher\;C:\Users\pmohanta\AppData\Local\Microsoft\WindowsApps;C:\Users\pmohanta\AppData\Roaming\npm;C:\Program Files\JetBrains\PyCharm Community Edition 2021.2.2\bin;;C:\Users\pmohanta\Downloads\eclipse-jee-photon-R-win32-x86_64\eclipse;;."/>
    <property name="java.specification.name" value="Java Platform API Specification"/>
    <property name="java.class.version" value="52.0"/>
    <property name="sun.management.compiler" value="HotSpot 64-Bit Tiered Compilers"/>
    <property name="os.version" value="10.0"/>
    <property name="user.home" value="C:\Users\pmohanta"/>
    <property name="user.timezone" value="Asia/Calcutta"/>
    <property name="java.awt.printerjob" value="sun.awt.windows.WPrinterJob"/>
    <property name="java.specification.version" value="1.8"/>
    <property name="file.encoding" value="Cp1252"/>
    <property name="user.name" value="pmohanta"/>
    <property name="java.class.path" value="C:\Users\pmohanta\Downloads\eclipse-jee-photon-R-win32-x86_64\eclipse\plugins\org.eclipse.m2e.maven.runtime_1.9.0.20180606-2035\jars\plexus-classworlds-2.5.2.jar"/>
    <property name="java.vm.specification.version" value="1.8"/>
    <property name="sun.arch.data.model" value="64"/>
    <property name="java.home" value="C:\Program Files\Java\jdk1.8.0_301\jre"/>
    <property name="sun.java.command" value="org.codehaus.plexus.classworlds.launcher.Launcher -B test"/>
    <property name="java.specification.vendor" value="Oracle Corporation"/>
    <property name="user.language" value="en"/>
    <property name="awt.toolkit" value="sun.awt.windows.WToolkit"/>
    <property name="java.vm.info" value="mixed mode"/>
    <property name="java.version" value="1.8.0_301"/>
    <property name="java.ext.dirs" value="C:\Program Files\Java\jdk1.8.0_301\jre\lib\ext;C:\Windows\Sun\Java\lib\ext"/>
    <property name="sun.boot.class.path" value="C:\Program Files\Java\jdk1.8.0_301\jre\lib\resources.jar;C:\Program Files\Java\jdk1.8.0_301\jre\lib\rt.jar;C:\Program Files\Java\jdk1.8.0_301\jre\lib\sunrsasign.jar;C:\Program Files\Java\jdk1.8.0_301\jre\lib\jsse.jar;C:\Program Files\Java\jdk1.8.0_301\jre\lib\jce.jar;C:\Program Files\Java\jdk1.8.0_301\jre\lib\charsets.jar;C:\Program Files\Java\jdk1.8.0_301\jre\lib\jfr.jar;C:\Program Files\Java\jdk1.8.0_301\jre\classes"/>
    <property name="java.vendor" value="Oracle Corporation"/>
    <property name="maven.home" value="C:\Users\pmohanta\eclipse-workspace\BDDProject\EMBEDDED"/>
    <property name="file.separator" value="\"/>
    <property name="java.vendor.url.bug" value="http://bugreport.sun.com/bugreport/"/>
    <property name="sun.cpu.endian" value="little"/>
    <property name="sun.io.unicode.encoding" value="UnicodeLittle"/>
    <property name="sun.desktop" value="windows"/>
    <property name="sun.cpu.isalist" value="amd64"/>
  </properties>
  <testcase classname="Scenario: Navigating with directions in Google Maps" name="Given I launch the &quot;edge&quot; browser" time="0.004"/>
  <testcase classname="Scenario: Navigating with directions in Google Maps" name="And I naviate to the URL &quot;https://maps.google.com/&quot;" time="0"/>
  <testcase classname="Scenario: Navigating with directions in Google Maps" name="When I search for &quot;San Francisco, California&quot; location" time="0"/>
  <testcase classname="Scenario: Navigating with directions in Google Maps" name="Then I assert the coordinates of the location to be &quot;37.7577627,-122.4726194&quot;" time="0.001"/>
  <testcase classname="Scenario: Navigating with directions in Google Maps" name="And I hit the &quot;Directions&quot; button" time="0"/>
  <testcase classname="Scenario: Navigating with directions in Google Maps" name="And I enter &quot;Chico, California&quot; to be the starting point" time="0"/>
  <testcase classname="Scenario: Navigating with directions in Google Maps" name="And I hit the &quot;Driving&quot; button" time="0"/>
  <testcase classname="Scenario: Navigating with directions in Google Maps" name="And I verify the routes" time="0"/>
  <testcase classname="Scenario: Navigating with directions in Google Maps" name="And I print the various route details in &quot;routes.txt&quot;" time="0"/>
  <testcase classname="Scenario: Navigating with directions in Google Maps" name="And I close the browser" time="0"/>
  <testcase classname="Scenario: Navigating with directions in Google Maps" name="Scenario: Navigating with directions in Google Maps" time="0.001"/>
</testsuite>